Aug-28 12:22:00.446 [main] DEBUG nextflow.cli.Launcher - $> nextflow run main.nf --input /home/cdcadmin/Downloads/bp_subset_100 --outdir /home/cdcadmin/Downloads/bp_subset_100/results_new --scalable_mode true --mash_threshold 0.0028 --mash_sketch_size 50000 --max_cluster_size 200 --snp_package parsnp -profile docker,dgx_station --run_gubbins true --integrate_results -resume
Aug-28 12:22:00.565 [main] DEBUG nextflow.cli.CmdRun - N E X T F L O W  ~  version 24.04.3
Aug-28 12:22:00.583 [main] DEBUG nextflow.plugin.PluginsFacade - Setting up plugin manager > mode=prod; embedded=false; plugins-dir=/home/cdcadmin/.nextflow/plugins; core-plugins: nf-amazon@2.5.2,nf-azure@1.6.0,nf-cloudcache@0.4.1,nf-codecommit@0.2.0,nf-console@1.1.3,nf-ga4gh@1.3.0,nf-google@1.13.2-patch1,nf-tower@1.9.1,nf-wave@1.4.2
Aug-28 12:22:00.592 [main] INFO  o.pf4j.DefaultPluginStatusProvider - Enabled plugins: []
Aug-28 12:22:00.593 [main] INFO  o.pf4j.DefaultPluginStatusProvider - Disabled plugins: []
Aug-28 12:22:00.595 [main] INFO  org.pf4j.DefaultPluginManager - PF4J version 3.10.0 in 'deployment' mode
Aug-28 12:22:00.607 [main] INFO  org.pf4j.AbstractPluginManager - No plugins
Aug-28 12:22:00.627 [main] DEBUG nextflow.config.ConfigBuilder - Found config local: /home/cdcadmin/Downloads/wf-assembly-snps-final/nextflow.config
Aug-28 12:22:00.629 [main] DEBUG nextflow.config.ConfigBuilder - Parsing config file: /home/cdcadmin/Downloads/wf-assembly-snps-final/nextflow.config
Aug-28 12:22:00.652 [main] DEBUG n.secret.LocalSecretsProvider - Secrets store: /home/cdcadmin/.nextflow/secrets/store.json
Aug-28 12:22:00.655 [main] DEBUG nextflow.secret.SecretsLoader - Discovered secrets providers: [nextflow.secret.LocalSecretsProvider@389562d6] - activable => nextflow.secret.LocalSecretsProvider@389562d6
Aug-28 12:22:00.668 [main] DEBUG nextflow.config.ConfigBuilder - Applying config profile: `docker,dgx_station`
Aug-28 12:22:02.139 [main] DEBUG nextflow.config.ConfigBuilder - Available config profiles: [aspen_hpc, debug, shifter, test, local_workstation, conda, dgx_station, singularity, rosalind_hpc, test_full, docker]
Aug-28 12:22:02.181 [main] DEBUG nextflow.cli.CmdRun - Applied DSL=2 from script declaration
Aug-28 12:22:02.196 [main] DEBUG nextflow.cli.CmdRun - Launching `main.nf` [compassionate_bardeen] DSL2 - revision: 49465e2bec
Aug-28 12:22:02.198 [main] DEBUG nextflow.plugin.PluginsFacade - Plugins default=[]
Aug-28 12:22:02.198 [main] DEBUG nextflow.plugin.PluginsFacade - Plugins resolved requirement=[]
Aug-28 12:22:02.252 [main] DEBUG nextflow.Session - Session UUID: f5fd8ba4-27c0-4032-9938-b1260e767e86
Aug-28 12:22:02.253 [main] DEBUG nextflow.Session - Run name: compassionate_bardeen
Aug-28 12:22:02.253 [main] DEBUG nextflow.Session - Executor pool size: 128
Aug-28 12:22:02.259 [main] DEBUG nextflow.file.FilePorter - File porter settings maxRetries=3; maxTransfers=50; pollTimeout=null
Aug-28 12:22:02.264 [main] DEBUG nextflow.util.ThreadPoolBuilder - Creating thread pool 'FileTransfer' minSize=10; maxSize=384; workQueue=LinkedBlockingQueue[10000]; allowCoreThreadTimeout=false
Aug-28 12:22:02.279 [main] DEBUG nextflow.cli.CmdRun - 
  Version: 24.04.3 build 5916
  Created: 09-07-2024 19:35 UTC (10-07-2024 02:35 ICST)
  System: Linux 5.15.0-151-generic
  Runtime: Groovy 4.0.21 on OpenJDK 64-Bit Server VM 17.0.10+7
  Encoding: UTF-8 (UTF-8)
  Process: 259609@dgx-a100 [192.168.1.11]
  CPUs: 128 - Mem: 503.7 GB (426.6 GB) - Swap: 0 (0)
Aug-28 12:22:02.315 [main] DEBUG nextflow.Session - Work-dir: /home/cdcadmin/Downloads/wf-assembly-snps-final/work [ext2/ext3]
Aug-28 12:22:02.345 [main] DEBUG nextflow.executor.ExecutorFactory - Extension executors providers=[]
Aug-28 12:22:02.353 [main] DEBUG nextflow.Session - Observer factory: DefaultObserverFactory
Aug-28 12:22:02.411 [main] DEBUG nextflow.cache.CacheFactory - Using Nextflow cache factory: nextflow.cache.DefaultCacheFactory
Aug-28 12:22:02.421 [main] DEBUG nextflow.util.CustomThreadPool - Creating default thread pool > poolSize: 129; maxThreads: 1000
Aug-28 12:22:02.480 [main] DEBUG nextflow.Session - Session start
Aug-28 12:22:02.483 [main] DEBUG nextflow.trace.TraceFileObserver - Workflow started -- trace file: /home/cdcadmin/Downloads/bp_subset_100/results_new/pipeline_info/execution_trace_2025-08-28_12-22-02.txt
Aug-28 12:22:02.488 [main] DEBUG nextflow.Session - Using default localLib path: /home/cdcadmin/Downloads/wf-assembly-snps-final/lib
Aug-28 12:22:02.492 [main] DEBUG nextflow.Session - Adding to the classpath library: /home/cdcadmin/Downloads/wf-assembly-snps-final/lib
Aug-28 12:22:02.492 [main] DEBUG nextflow.Session - Adding to the classpath library: /home/cdcadmin/Downloads/wf-assembly-snps-final/lib/nfcore_external_java_deps.jar
Aug-28 12:22:03.243 [main] DEBUG nextflow.script.ScriptRunner - > Launching execution
Aug-28 12:22:03.284 [main] INFO  nextflow.Nextflow - 

-[2m----------------------------------------------------[0m-
[0;34m     __         __ __ __     __            __     __  __    [0m
[0;34m|  ||_  __  /\ (_ (_ |_ |\/||__)|  \_/ __ (_ |\ ||__)(_ [0m
[0;34m|/\||      /--\__)__)|__|  ||__)|__ |     __)| \||   __) [0m

[0;32m       Identify SNPs from genome assemblies.               [0m


[0;35m     bacterial-genomics/wf-assembly-snps v1.0.2[0m
-[2m----------------------------------------------------[0m-
[1mCore Nextflow options[0m
  [0;34mrunName                   : [0;32mcompassionate_bardeen[0m
  [0;34mcontainerEngine           : [0;32mdocker[0m
  [0;34mlaunchDir                 : [0;32m/home/cdcadmin/Downloads/wf-assembly-snps-final[0m
  [0;34mworkDir                   : [0;32m/home/cdcadmin/Downloads/wf-assembly-snps-final/work[0m
  [0;34mprojectDir                : [0;32m/home/cdcadmin/Downloads/wf-assembly-snps-final[0m
  [0;34muserName                  : [0;32mcdcadmin[0m
  [0;34mprofile                   : [0;32mdocker,dgx_station[0m
  [0;34mconfigFiles               : [0;32m/home/cdcadmin/Downloads/wf-assembly-snps-final/nextflow.config[0m

[1mInput/output options[0m
  [0;34minput                     : [0;32m/home/cdcadmin/Downloads/bp_subset_100[0m
  [0;34moutdir                    : [0;32m/home/cdcadmin/Downloads/bp_subset_100/results_new[0m

[1mAnalysis options[0m
  [0;34mrecombination             : [0;32mnone[0m

[1mProfile options[0m
  [0;34mprofile_cache_dir         : [0;32m/home/cdcadmin/Downloads/wf-assembly-snps-final/assets/.cache[0m

[1mScalable workflow options[0m
  [0;34mscalable_mode             : [0;32mtrue[0m
  [0;34mmash_threshold            : [0;32m0.0028[0m
  [0;34mmax_cluster_size          : [0;32m200[0m
  [0;34mgubbins_tree_builder      : [0;32miqtree[0m

[1mInstitutional config options[0m
  [0;34mconfig_profile_name       : [0;32mDGX Station A100[0m
  [0;34mconfig_profile_description: [0;32mDGX Station A100 profile for 128 cores and 512GB RAM[0m

[1mMax job request options[0m
  [0;34mmax_cpus                  : [0;32m128[0m
  [0;34mmax_memory                : [0;32m512.GB[0m

[1mGeneric options[0m
  [0;34mtracedir                  : [0;32m/home/cdcadmin/Downloads/bp_subset_100/results_new/pipeline_info[0m
  [0;34mprocess_log_dir           : [0;32m/home/cdcadmin/Downloads/bp_subset_100/results_new/pipeline_info/process_logs[0m
  [0;34mqc_filecheck_log_dir      : [0;32m/home/cdcadmin/Downloads/bp_subset_100/results_new/pipeline_info/qc_file_checks[0m

!! Only displaying parameters that differ from the pipeline defaults !!
-[2m----------------------------------------------------[0m-
If you use bacterial-genomics/wf-assembly-snps for your analysis please cite:

* The nf-core framework
  https://doi.org/10.1038/s41587-020-0439-x

* Software dependencies
  https://github.com/bacterial-genomics/wf-assembly-snps/blob/main/CITATIONS.md
-[2m----------------------------------------------------[0m-
Aug-28 12:22:03.387 [main] WARN  nextflow.Nextflow - Found unexpected parameters:
* --mash_min_copies: 1
* --mash_kmer_size: 21
* --mash_sketch_size: 50000
Aug-28 12:22:03.388 [main] INFO  nextflow.Nextflow - - [2mIgnore this warning: params.schema_ignore_params = "mash_min_copies,mash_kmer_size,mash_sketch_size" [0m
Aug-28 12:22:05.463 [main] DEBUG nextflow.script.ScriptRunner - Parsed script files:
  Script_b9a8232e0fa11be0: /home/cdcadmin/Downloads/wf-assembly-snps-final/./workflows/../modules/local/create_masked_snp_distance_matrix_snp_dists/main.nf
  Script_daab3931d6dbebc6: /home/cdcadmin/Downloads/wf-assembly-snps-final/./workflows/../modules/local/convert_tsv_to_excel_python/main.nf
  Script_883e899d4e38a4a9: /home/cdcadmin/Downloads/wf-assembly-snps-final/./workflows/../subworkflows/local/../../modules/local/graft_trees/main.nf
  Script_0a5ea6c77e76c1cd: /home/cdcadmin/Downloads/wf-assembly-snps-final/./workflows/../subworkflows/local/../../modules/local/cluster_genomes/main.nf
  Script_1d5a91c0e68cf3fc: /home/cdcadmin/Downloads/wf-assembly-snps-final/./workflows/../subworkflows/local/../../modules/local/mash_sketch/main.nf
  Script_b8cf3768669b3e5b: /home/cdcadmin/Downloads/wf-assembly-snps-final/./workflows/../subworkflows/local/../../modules/local/ska_align/main.nf
  Script_de42343b4a60b37d: /home/cdcadmin/Downloads/wf-assembly-snps-final/./workflows/../modules/local/create_snp_distance_matrix_snp_dists/main.nf
  Script_bdfe511ac4c90ab8: /home/cdcadmin/Downloads/wf-assembly-snps-final/./workflows/../subworkflows/local/recombination.nf
  Script_92a8fd2e65506f13: /home/cdcadmin/Downloads/wf-assembly-snps-final/./workflows/../modules/local/create_excel_run_summary_python/main.nf
  Script_8ca59baef4465cd0: /home/cdcadmin/Downloads/wf-assembly-snps-final/./workflows/../subworkflows/local/integrate_results.nf
  Script_cdc219c241584917: /home/cdcadmin/Downloads/wf-assembly-snps-final/./workflows/../modules/local/core_genome_alignment_parsnp/main.nf
  Script_8f3222acc5105b8e: /home/cdcadmin/Downloads/wf-assembly-snps-final/./workflows/../subworkflows/local/clustering.nf
  Script_53b40eb3093c3510: /home/cdcadmin/Downloads/wf-assembly-snps-final/./workflows/../subworkflows/local/input_check.nf
  Script_afa77f2d3ac335e3: /home/cdcadmin/Downloads/wf-assembly-snps-final/./workflows/../subworkflows/local/../../modules/local/extract_core_snps/main.nf
  Script_6ef5bdac66e9e392: /home/cdcadmin/Downloads/wf-assembly-snps-final/./workflows/../modules/local/build_phylogenetic_tree_parsnp/main.nf
  Script_99361157c40daf65: /home/cdcadmin/Downloads/wf-assembly-snps-final/./workflows/assembly_snps_scalable.nf
  Script_20a5180b21f59dbf: /home/cdcadmin/Downloads/wf-assembly-snps-final/./workflows/../subworkflows/local/../../modules/local/integrate_core_snps/main.nf
  Script_cf92b0cfd5970f35: /home/cdcadmin/Downloads/wf-assembly-snps-final/./workflows/../subworkflows/local/../../modules/local/convert_samplesheet_python/main.nf
  Script_79dadc857ac629b0: /home/cdcadmin/Downloads/wf-assembly-snps-final/main.nf
  Script_48f795bb493c5d37: /home/cdcadmin/Downloads/wf-assembly-snps-final/./workflows/../subworkflows/local/../../modules/local/mash_dist/main.nf
  Script_3574da1c2da63d5e: /home/cdcadmin/Downloads/wf-assembly-snps-final/./workflows/../subworkflows/local/clustered_snp_tree.nf
  Script_b86bc69fb8228a3e: /home/cdcadmin/Downloads/wf-assembly-snps-final/./workflows/../subworkflows/local/../../modules/local/recombination_clonalframeml/main.nf
  Script_5b5197ce8a0c66dc: /home/cdcadmin/Downloads/wf-assembly-snps-final/./workflows/../subworkflows/local/../../modules/local/iqtree_fast/main.nf
  Script_53027aa9816972db: /home/cdcadmin/Downloads/wf-assembly-snps-final/./workflows/../modules/local/calculate_pairwise_distances_snp_dists/main.nf
  Script_c7e04632065b0c3c: /home/cdcadmin/Downloads/wf-assembly-snps-final/./workflows/../subworkflows/local/../../modules/local/recombination_gubbins/main.nf
  Script_d97613bdf9c0d9be: /home/cdcadmin/Downloads/wf-assembly-snps-final/./workflows/../modules/local/convert_gingr_to_fasta_harvesttools/main.nf
  Script_30224b4410519b3a: /home/cdcadmin/Downloads/wf-assembly-snps-final/./workflows/../modules/local/mask_recombinant_positions_biopython/main.nf
  Script_7241b409eebe9ea3: /home/cdcadmin/Downloads/wf-assembly-snps-final/./workflows/../subworkflows/local/../../modules/local/gubbins_cluster/main.nf
  Script_cf1907f7a901597f: /home/cdcadmin/Downloads/wf-assembly-snps-final/./workflows/assembly_snps.nf
  Script_221bb37a2f72681c: /home/cdcadmin/Downloads/wf-assembly-snps-final/./workflows/../subworkflows/local/../../modules/local/build_integrated_tree/main.nf
  Script_b712480f57627fb6: /home/cdcadmin/Downloads/wf-assembly-snps-final/./workflows/../modules/local/infile_handling_unix/main.nf
  Script_b61a863bc369af50: /home/cdcadmin/Downloads/wf-assembly-snps-final/./workflows/../subworkflows/local/../../modules/local/ska_build/main.nf
Aug-28 12:22:05.471 [main] ERROR nextflow.cli.Launcher - Module compilation error
- file : /home/cdcadmin/Downloads/wf-assembly-snps-final/./workflows/../subworkflows/local/../../modules/local/create_final_summary/main.nf
- cause: Unexpected input: '{' @ line 1, column 30.
   process CREATE_FINAL_SUMMARY {
                                ^

1 error

NOTE: If this is the beginning of a process or workflow, there may be a syntax error in the body, such as a missing or extra comma, for which a more specific error message could not be produced.
nextflow.exception.ScriptCompilationException: Module compilation error
- file : /home/cdcadmin/Downloads/wf-assembly-snps-final/./workflows/../subworkflows/local/../../modules/local/create_final_summary/main.nf
- cause: Unexpected input: '{' @ line 1, column 30.
   process CREATE_FINAL_SUMMARY {
                                ^

1 error

NOTE: If this is the beginning of a process or workflow, there may be a syntax error in the body, such as a missing or extra comma, for which a more specific error message could not be produced.
	at nextflow.script.ScriptParser.parse0(ScriptParser.groovy:196)
	at nextflow.script.ScriptParser.parse(ScriptParser.groovy:206)
	at nextflow.script.ScriptParser.runScript(ScriptParser.groovy:221)
	at nextflow.script.IncludeDef.memoizedMethodPriv$loadModule0PathMapSession(IncludeDef.groovy:140)
	at nextflow.script.IncludeDef.access$0(IncludeDef.groovy)
	at nextflow.script.IncludeDef$__clinit__closure2.doCall(IncludeDef.groovy)
	at jdk.internal.reflect.GeneratedMethodAccessor49.invoke(Unknown Source)
	at java.base/jdk.internal.reflect.DelegatingMethodAccessorImpl.invoke(DelegatingMethodAccessorImpl.java:43)
	at java.base/java.lang.reflect.Method.invoke(Method.java:568)
	at org.codehaus.groovy.reflection.CachedMethod.invoke(CachedMethod.java:343)
	at groovy.lang.MetaMethod.doMethodInvoke(MetaMethod.java:328)
	at org.codehaus.groovy.runtime.metaclass.ClosureMetaClass.invokeMethod(ClosureMetaClass.java:279)
	at groovy.lang.MetaClassImpl.invokeMethod(MetaClassImpl.java:1007)
	at groovy.lang.Closure.call(Closure.java:433)
	at org.codehaus.groovy.runtime.memoize.Memoize$MemoizeFunction.lambda$call$0(Memoize.java:137)
	at org.codehaus.groovy.runtime.memoize.ConcurrentCommonCache.getAndPut(ConcurrentCommonCache.java:137)
	at org.codehaus.groovy.runtime.memoize.ConcurrentCommonCache.getAndPut(ConcurrentCommonCache.java:113)
	at org.codehaus.groovy.runtime.memoize.Memoize$MemoizeFunction.call(Memoize.java:136)
	at nextflow.script.IncludeDef.loadModule0(IncludeDef.groovy)
	at nextflow.script.IncludeDef.load0(IncludeDef.groovy:112)
	at org.codehaus.groovy.vmplugin.v8.IndyInterface.fromCache(IndyInterface.java:321)
	at Script_8ca59baef4465cd0.runScript(Script_8ca59baef4465cd0:18)
	at org.codehaus.groovy.vmplugin.v8.IndyInterface.fromCache(IndyInterface.java:321)
	at nextflow.script.BaseScript.run0(BaseScript.groovy:159)
	at org.codehaus.groovy.vmplugin.v8.IndyInterface.fromCache(IndyInterface.java:321)
	at nextflow.script.BaseScript.run(BaseScript.groovy:209)
	at nextflow.script.ScriptParser.runScript(ScriptParser.groovy:236)
	at nextflow.script.ScriptParser.runScript(ScriptParser.groovy:222)
	at nextflow.script.IncludeDef.memoizedMethodPriv$loadModule0PathMapSession(IncludeDef.groovy:140)
	at nextflow.script.IncludeDef.access$0(IncludeDef.groovy)
	at nextflow.script.IncludeDef$__clinit__closure2.doCall(IncludeDef.groovy)
	at jdk.internal.reflect.GeneratedMethodAccessor49.invoke(Unknown Source)
	at java.base/jdk.internal.reflect.DelegatingMethodAccessorImpl.invoke(DelegatingMethodAccessorImpl.java:43)
	at java.base/java.lang.reflect.Method.invoke(Method.java:568)
	at org.codehaus.groovy.reflection.CachedMethod.invoke(CachedMethod.java:343)
	at groovy.lang.MetaMethod.doMethodInvoke(MetaMethod.java:328)
	at org.codehaus.groovy.runtime.metaclass.ClosureMetaClass.invokeMethod(ClosureMetaClass.java:279)
	at groovy.lang.MetaClassImpl.invokeMethod(MetaClassImpl.java:1007)
	at groovy.lang.Closure.call(Closure.java:433)
	at org.codehaus.groovy.runtime.memoize.Memoize$MemoizeFunction.lambda$call$0(Memoize.java:137)
	at org.codehaus.groovy.runtime.memoize.ConcurrentCommonCache.getAndPut(ConcurrentCommonCache.java:137)
	at org.codehaus.groovy.runtime.memoize.ConcurrentCommonCache.getAndPut(ConcurrentCommonCache.java:113)
	at org.codehaus.groovy.runtime.memoize.Memoize$MemoizeFunction.call(Memoize.java:136)
	at nextflow.script.IncludeDef.loadModule0(IncludeDef.groovy)
	at nextflow.script.IncludeDef.load0(IncludeDef.groovy:112)
	at org.codehaus.groovy.vmplugin.v8.IndyInterface.fromCache(IndyInterface.java:321)
	at Script_99361157c40daf65.runScript(Script_99361157c40daf65:39)
	at org.codehaus.groovy.vmplugin.v8.IndyInterface.fromCache(IndyInterface.java:321)
	at nextflow.script.BaseScript.run0(BaseScript.groovy:159)
	at org.codehaus.groovy.vmplugin.v8.IndyInterface.fromCache(IndyInterface.java:321)
	at nextflow.script.BaseScript.run(BaseScript.groovy:209)
	at nextflow.script.ScriptParser.runScript(ScriptParser.groovy:236)
	at nextflow.script.ScriptParser.runScript(ScriptParser.groovy:222)
	at nextflow.script.IncludeDef.memoizedMethodPriv$loadModule0PathMapSession(IncludeDef.groovy:140)
	at nextflow.script.IncludeDef.access$0(IncludeDef.groovy)
	at nextflow.script.IncludeDef$__clinit__closure2.doCall(IncludeDef.groovy)
	at jdk.internal.reflect.GeneratedMethodAccessor49.invoke(Unknown Source)
	at java.base/jdk.internal.reflect.DelegatingMethodAccessorImpl.invoke(DelegatingMethodAccessorImpl.java:43)
	at java.base/java.lang.reflect.Method.invoke(Method.java:568)
	at org.codehaus.groovy.reflection.CachedMethod.invoke(CachedMethod.java:343)
	at groovy.lang.MetaMethod.doMethodInvoke(MetaMethod.java:328)
	at org.codehaus.groovy.runtime.metaclass.ClosureMetaClass.invokeMethod(ClosureMetaClass.java:279)
	at groovy.lang.MetaClassImpl.invokeMethod(MetaClassImpl.java:1007)
	at groovy.lang.Closure.call(Closure.java:433)
	at org.codehaus.groovy.runtime.memoize.Memoize$MemoizeFunction.lambda$call$0(Memoize.java:137)
	at org.codehaus.groovy.runtime.memoize.ConcurrentCommonCache.getAndPut(ConcurrentCommonCache.java:137)
	at org.codehaus.groovy.runtime.memoize.ConcurrentCommonCache.getAndPut(ConcurrentCommonCache.java:113)
	at org.codehaus.groovy.runtime.memoize.Memoize$MemoizeFunction.call(Memoize.java:136)
	at nextflow.script.IncludeDef.loadModule0(IncludeDef.groovy)
	at nextflow.script.IncludeDef.load0(IncludeDef.groovy:112)
	at org.codehaus.groovy.vmplugin.v8.IndyInterface.fromCache(IndyInterface.java:321)
	at Script_79dadc857ac629b0.runScript(Script_79dadc857ac629b0:29)
	at org.codehaus.groovy.vmplugin.v8.IndyInterface.fromCache(IndyInterface.java:321)
	at nextflow.script.BaseScript.run0(BaseScript.groovy:159)
	at org.codehaus.groovy.vmplugin.v8.IndyInterface.fromCache(IndyInterface.java:321)
	at nextflow.script.BaseScript.run(BaseScript.groovy:209)
	at nextflow.script.ScriptParser.runScript(ScriptParser.groovy:236)
	at nextflow.script.ScriptRunner.run(ScriptRunner.groovy:243)
	at nextflow.script.ScriptRunner.execute(ScriptRunner.groovy:138)
	at nextflow.cli.CmdRun.run(CmdRun.groovy:372)
	at nextflow.cli.Launcher.run(Launcher.groovy:503)
	at nextflow.cli.Launcher.main(Launcher.groovy:657)
Caused by: org.codehaus.groovy.control.MultipleCompilationErrorsException: startup failed:
Script_36dd09eb9d2bf2cd: 1: Unexpected input: '{' @ line 1, column 30.
   process CREATE_FINAL_SUMMARY {
                                ^

1 error

	at org.codehaus.groovy.control.ErrorCollector.failIfErrors(ErrorCollector.java:292)
	at org.codehaus.groovy.control.ErrorCollector.addFatalError(ErrorCollector.java:148)
	at org.apache.groovy.parser.antlr4.AstBuilder.collectSyntaxError(AstBuilder.java:4753)
	at org.apache.groovy.parser.antlr4.AstBuilder.access$100(AstBuilder.java:169)
	at org.apache.groovy.parser.antlr4.AstBuilder$3.syntaxError(AstBuilder.java:4764)
	at groovyjarjarantlr4.v4.runtime.ProxyErrorListener.syntaxError(ProxyErrorListener.java:44)
	at groovyjarjarantlr4.v4.runtime.Parser.notifyErrorListeners(Parser.java:543)
	at groovyjarjarantlr4.v4.runtime.DefaultErrorStrategy.notifyErrorListeners(DefaultErrorStrategy.java:154)
	at org.apache.groovy.parser.antlr4.internal.DescriptiveErrorStrategy.reportInputMismatch(DescriptiveErrorStrategy.java:104)
	at org.apache.groovy.parser.antlr4.internal.DescriptiveErrorStrategy.recover(DescriptiveErrorStrategy.java:55)
	at org.apache.groovy.parser.antlr4.internal.DescriptiveErrorStrategy.recoverInline(DescriptiveErrorStrategy.java:68)
	at groovyjarjarantlr4.v4.runtime.Parser.match(Parser.java:213)
	at org.apache.groovy.parser.antlr4.GroovyParser.compilationUnit(GroovyParser.java:368)
	at org.apache.groovy.parser.antlr4.AstBuilder.buildCST(AstBuilder.java:243)
	at org.apache.groovy.parser.antlr4.AstBuilder.buildCST(AstBuilder.java:221)
	at org.apache.groovy.parser.antlr4.AstBuilder.buildAST(AstBuilder.java:262)
	at org.apache.groovy.parser.antlr4.Antlr4ParserPlugin.buildAST(Antlr4ParserPlugin.java:58)
	at org.codehaus.groovy.control.SourceUnit.buildAST(SourceUnit.java:256)
	at java.base/java.util.Iterator.forEachRemaining(Iterator.java:133)
	at java.base/java.util.Spliterators$IteratorSpliterator.forEachRemaining(Spliterators.java:1845)
	at java.base/java.util.stream.ReferencePipeline$Head.forEach(ReferencePipeline.java:762)
	at org.codehaus.groovy.control.CompilationUnit.compile(CompilationUnit.java:663)
	at groovy.lang.GroovyClassLoader.doParseClass(GroovyClassLoader.java:373)
	at groovy.lang.GroovyClassLoader.lambda$parseClass$2(GroovyClassLoader.java:316)
	at org.codehaus.groovy.runtime.memoize.StampedCommonCache.compute(StampedCommonCache.java:163)
	at org.codehaus.groovy.runtime.memoize.StampedCommonCache.getAndPut(StampedCommonCache.java:154)
	at groovy.lang.GroovyClassLoader.parseClass(GroovyClassLoader.java:314)
	at groovy.lang.GroovyShell.parseClass(GroovyShell.java:572)
	at groovy.lang.GroovyShell.parse(GroovyShell.java:585)
	at groovy.lang.GroovyShell.parse(GroovyShell.java:639)
	at groovy.lang.GroovyShell.parse(GroovyShell.java:643)
	at nextflow.script.ScriptParser.parse0(ScriptParser.groovy:175)
	... 81 common frames omitted
