Unable to find image 'snads/gubbins@sha256:391a980312096f96d976f4be668d4dea7dda13115db004a50e49762accc0ec62' locally
docker.io/snads/gubbins@sha256:391a980312096f96d976f4be668d4dea7dda13115db004a50e49762accc0ec62: Pulling from snads/gubbins
08c01a0ec47e: Pulling fs layer
823d6f664b41: Pulling fs layer
170b66429e99: Pulling fs layer
4d514a74216b: Pulling fs layer
15eda84d1542: Pulling fs layer
f5582a57bf1e: Pulling fs layer
e29497ffba7c: Pulling fs layer
3a44920ccfbf: Pulling fs layer
919cd0be9b57: Pulling fs layer
a6d36a1a21bb: Pulling fs layer
9693330651e1: Pulling fs layer
15507ac2b186: Pulling fs layer
f5582a57bf1e: Waiting
e29497ffba7c: Waiting
3a44920ccfbf: Waiting
919cd0be9b57: Waiting
a6d36a1a21bb: Waiting
9693330651e1: Waiting
15507ac2b186: Waiting
15eda84d1542: Waiting
4d514a74216b: Waiting
08c01a0ec47e: Download complete
08c01a0ec47e: Pull complete
4d514a74216b: Verifying Checksum
4d514a74216b: Download complete
15eda84d1542: Verifying Checksum
15eda84d1542: Download complete
823d6f664b41: Verifying Checksum
823d6f664b41: Download complete
f5582a57bf1e: Verifying Checksum
f5582a57bf1e: Download complete
e29497ffba7c: Verifying Checksum
e29497ffba7c: Download complete
170b66429e99: Verifying Checksum
170b66429e99: Download complete
823d6f664b41: Pull complete
919cd0be9b57: Verifying Checksum
919cd0be9b57: Download complete
a6d36a1a21bb: Verifying Checksum
a6d36a1a21bb: Download complete
170b66429e99: Pull complete
4d514a74216b: Pull complete
15eda84d1542: Pull complete
15507ac2b186: Download complete
f5582a57bf1e: Pull complete
e29497ffba7c: Pull complete
9693330651e1: Verifying Checksum
9693330651e1: Download complete
3a44920ccfbf: Verifying Checksum
3a44920ccfbf: Download complete
3a44920ccfbf: Pull complete
919cd0be9b57: Pull complete
a6d36a1a21bb: Pull complete
9693330651e1: Pull complete
15507ac2b186: Pull complete
Digest: sha256:391a980312096f96d976f4be668d4dea7dda13115db004a50e49762accc0ec62
Status: Downloaded newer image for snads/gubbins@sha256:391a980312096f96d976f4be668d4dea7dda13115db004a50e49762accc0ec62
Traceback (most recent call last):
  File "/usr/local/bin/run_gubbins.py", line 11, in <module>
    load_entry_point('gubbins==3.1.4', 'console_scripts', 'run_gubbins.py')()
  File "/usr/local/lib/python3.8/dist-packages/gubbins-3.1.4-py3.8.egg/gubbins/run_gubbins.py", line 134, in main
    gubbins.common.parse_and_run(parser.parse_args(), parser.description)
  File "/usr/local/lib/python3.8/dist-packages/gubbins-3.1.4-py3.8.egg/gubbins/common.py", line 54, in parse_and_run
    input_args = process_input_arguments(input_args)
  File "/usr/local/lib/python3.8/dist-packages/gubbins-3.1.4-py3.8.egg/gubbins/common.py", line 536, in process_input_arguments
    elif input_args.model not in tree_models[input_args.tree_builder]:
KeyError: 'hybrid'
