IQ-TREE multicore version 2.2.6 COVID-edition for Linux 64-bit built Dec  8 2023
Developed by Bui Quang Minh, James Barbetti, Nguyen Lam Tung,
Olga Chernomor, Heiko Schmidt, Dominik Schrempf, Michael Woodhams, Ly Trong Nhan.

Host:    2185fb926815 (AVX2, FMA3, 503 GB RAM)
Command: iqtree2 -s cluster_3.aln.fa -st DNA -m GTR+ASC --fast -nt AUTO --prefix cluster_3
Seed:    450203 (Using SPRNG - Scalable Parallel Random Number Generator)
Time:    Tue Aug 26 08:03:25 2025
Kernel:  AVX+FMA - auto-detect threads (128 CPU cores detected)

Reading alignment file cluster_3.aln.fa ... Fasta format detected
Reading fasta file: done in 0.00220267 secs using 66.78% CPU
Alignment most likely contains protein sequences
WARNING: Your specified sequence type is different from the detected one
Constructing alignment: done in 0.184641 secs using 482.3% CPU
Alignment has 3 sequences with 39639 columns, 434 distinct patterns
0 parsimony-informative, 6758 singleton sites, 32881 constant sites
Analyzing sequences: done in 0.0126997 secs using 1.402e+04% CPU
WARNING: 1 sequences contain more than 50% gaps/ambiguity
Checking for duplicate sequences: done in 0.0127618 secs using 1.105e+04% CPU

Create initial parsimony tree by phylogenetic likelihood library (PLL)... 0.00 seconds
ERROR: For your convenience alAlignment was printed to cluster_3.varsites.phy
ignment with variable sites printed to cluster_3.varsites.phy
ERROR: Invalid use of +ASC because of 32881 invariant sites in the alignment
